c:\users\pietr\desktop\mbo-vs17-master\mbo\x64\release\vc142.pdb
c:\users\pietr\desktop\mbo-vs17-master\mbo\x64\release\mbo_object.obj
c:\users\pietr\desktop\mbo-vs17-master\mbo\x64\release\main.obj
c:\users\pietr\desktop\mbo-vs17-master\mbo\x64\release\ggwfunc.obj
c:\users\pietr\desktop\mbo-vs17-master\mbo\x64\release\agent.obj
c:\users\pietr\desktop\github\mbo-image-clustering\mbo\x64\release\vc142.pdb
c:\users\pietr\desktop\github\mbo-image-clustering\mbo\x64\release\mbo_object.obj
c:\users\pietr\desktop\github\mbo-image-clustering\mbo\x64\release\main.obj
c:\users\pietr\desktop\github\mbo-image-clustering\mbo\x64\release\ggwfunc.obj
c:\users\pietr\desktop\github\mbo-image-clustering\mbo\x64\release\agent.obj
c:\users\pietr\desktop\mbo-vs17-master\x64\release\mbo.exe
c:\users\pietr\desktop\mbo-vs17-master\x64\release\mbo.pdb
c:\users\pietr\desktop\github\mbo-image-clustering\x64\release\mbo.exe
c:\users\pietr\desktop\github\mbo-image-clustering\x64\release\mbo.pdb
c:\users\pietr\desktop\mbo-vs17-master\x64\release\mbo.ipdb
c:\users\pietr\desktop\mbo-vs17-master\x64\release\mbo.iobj
c:\users\pietr\desktop\github\mbo-image-clustering\x64\release\mbo.ipdb
c:\users\pietr\desktop\github\mbo-image-clustering\x64\release\mbo.iobj
c:\users\pietr\desktop\github\mbo-image-clustering\mbo\x64\release\opencv.obj
c:\users\pietr\desktop\github\mbo-image-clustering\mbo\x64\release\nativecodeanalysis.read.1.tlog
c:\users\pietr\desktop\github\mbo-image-clustering\mbo\x64\release\vc141.pdb
c:\users\pietr\desktop\github\mbo-image-clustering\mbo\x64\release\agent.nativecodeanalysis.xml
c:\users\pietr\desktop\github\mbo-image-clustering\mbo\x64\release\ggwfunc.nativecodeanalysis.xml
c:\users\pietr\desktop\github\mbo-image-clustering\mbo\x64\release\main.nativecodeanalysis.xml
c:\users\pietr\desktop\github\mbo-image-clustering\mbo\x64\release\mbo_object.nativecodeanalysis.xml
c:\users\pietr\desktop\github\mbo-image-clustering\mbo\x64\release\vc.nativecodeanalysis.all.xml
c:\users\pietr\desktop\github\mbo-image-clustering\mbo\x64\release\mbo.tlog\cl.command.1.tlog
c:\users\pietr\desktop\github\mbo-image-clustering\mbo\x64\release\mbo.tlog\cl.read.1.tlog
c:\users\pietr\desktop\github\mbo-image-clustering\mbo\x64\release\mbo.tlog\cl.write.1.tlog
c:\users\pietr\desktop\github\mbo-image-clustering\mbo\x64\release\mbo.tlog\link.command.1.tlog
c:\users\pietr\desktop\github\mbo-image-clustering\mbo\x64\release\mbo.tlog\link.read.1.tlog
c:\users\pietr\desktop\github\mbo-image-clustering\mbo\x64\release\mbo.tlog\link.write.1.tlog
c:\users\pietr\desktop\github\mbo-image-clustering\mbo\x64\release\mbo.tlog\mbo.write.1u.tlog
